<?xml version="1.0" encoding="UTF-8"?>
<!-- Generated by org.testng.reporters.JUnitReportReporter -->
<testsuite hostname="DESKTOP-5RK9T99" failures="0" tests="1" name="myPrj.HandlePopup" time="10.270" errors="0" timestamp="2024-06-17T13:09:31 NPT" skipped="0">
  <testcase classname="myPrj.HandlePopup" name="testPopUpWithText" time="10.270"/>
  <system-out>
    <![CDATA[====BROWSER SESSION STARTED====
===STARTING WITH CHROME BROWSER===
==BROWSER SESSION END==]]>
  </system-out>
</testsuite> <!-- myPrj.HandlePopup -->
