<?xml version="1.0" encoding="UTF-8"?>
<!-- Generated by org.testng.reporters.JUnitReportReporter -->
<testsuite hostname="DESKTOP-5RK9T99" failures="0" tests="1" name="myPrj.EpassportTest" time="17.385" errors="0" timestamp="2024-04-06T23:52:34 NPT" skipped="0">
  <testcase classname="myPrj.EpassportTest" name="verifyEpassportForm" time="17.385"/>
  <system-out>
    <![CDATA[====BROWSER SESSION STARTED====
===STARTING WITH CHROME BROWSER===
==BROWSER SESSION END==]]>
  </system-out>
</testsuite> <!-- myPrj.EpassportTest -->
