<?xml version="1.0" encoding="UTF-8"?>
<!-- Generated by org.testng.reporters.JUnitReportReporter -->
<testsuite hostname="DESKTOP-5RK9T99" failures="0" tests="3" name="annotationsTest.CheckAnnotations" time="0.017" errors="0" timestamp="2024-05-22T16:09:08 NPT" skipped="0">
  <testcase classname="annotationsTest.CheckAnnotations" name="test3" time="0.007"/>
  <testcase classname="annotationsTest.CheckAnnotations" name="test2" time="0.008"/>
  <testcase classname="annotationsTest.CheckAnnotations" name="test1" time="0.002"/>
</testsuite> <!-- annotationsTest.CheckAnnotations -->
