<?xml version="1.0" encoding="UTF-8"?>
<!-- Generated by org.testng.reporters.JUnitReportReporter -->
<testsuite hostname="DESKTOP-5RK9T99" failures="0" tests="2" name="formexercise.TestCasesTestNG" time="0.007" errors="0" timestamp="2024-05-22T16:07:24 NPT" skipped="0">
  <testcase classname="formexercise.TestCasesTestNG" name="sayGoodBye" time="0.004"/>
  <testcase classname="formexercise.TestCasesTestNG" name="sayHello" time="0.003"/>
</testsuite> <!-- formexercise.TestCasesTestNG -->
