<?xml version="1.0" encoding="UTF-8"?>
<!-- Generated by org.testng.reporters.JUnitReportReporter -->
<testsuite hostname="DESKTOP-5RK9T99" failures="0" tests="1" name="myPrj.DashboardTest" time="7.128" errors="0" timestamp="2024-05-22T15:57:19 NPT" skipped="0">
  <testcase classname="myPrj.DashboardTest" name="verifyTotalRefundRejectedText" time="7.128">
    <system-out>
      <![CDATA[==Total Refund Rejected Text shown and verified!==]]>
    </system-out>
  </testcase> <!-- verifyTotalRefundRejectedText -->
  <system-out>
    <![CDATA[====BROWSER SESSION STARTED====
===STARTING WITH CHROME BROWSER===
==Total Refund Rejected Text shown and verified!==
==BROWSER SESSION END==]]>
  </system-out>
</testsuite> <!-- myPrj.DashboardTest -->
