<?xml version="1.0" encoding="UTF-8"?>
<!-- Generated by org.testng.reporters.JUnitReportReporter -->
<testsuite hostname="DESKTOP-5RK9T99" failures="0" tests="1" name="myPrj.LoginTest" time="8.753" errors="0" timestamp="22 May 2024 11:10:00 GMT">
  <testcase classname="myPrj.LoginTest" name="loginValid" time="8.753"/>
</testsuite> <!-- myPrj.LoginTest -->
