<?xml version="1.0" encoding="UTF-8"?>
<!-- Generated by org.testng.reporters.JUnitReportReporter -->
<testsuite hostname="DESKTOP-5RK9T99" failures="0" tests="1" name="myPrj.LoginTest" time="5.784" errors="0" timestamp="22 May 2024 10:37:05 GMT">
  <testcase classname="myPrj.LoginTest" name="loginValid" time="5.784"/>
</testsuite> <!-- myPrj.LoginTest -->
